dailyRecord-build/intermediates/manifest_merge_blame_file/debug/processDebugMainManifest/manifest-merger-blame-debug-report.txt
1<?xml version="1.0" encoding="utf-8"?>
2<manifest xmlns:android="http://schemas.android.com/apk/res/android"
3    package="com.dailyrecord.app"
4    android:versionCode="1"
5    android:versionName="0.1.0" >
6
7    <uses-sdk
8        android:minSdkVersion="26"
9        android:targetSdkVersion="35" />
10
11    <uses-permission android:name="android.permission.ACCESS_FINE_LOCATION" />
11-->src\main\AndroidManifest.xml:2:5-79
11-->src\main\AndroidManifest.xml:2:22-76
12    <uses-permission android:name="android.permission.ACCESS_COARSE_LOCATION" />
12-->src\main\AndroidManifest.xml:3:5-81
12-->src\main\AndroidManifest.xml:3:22-78
13    <uses-permission android:name="android.permission.ACCESS_BACKGROUND_LOCATION" />
13-->src\main\AndroidManifest.xml:4:5-85
13-->src\main\AndroidManifest.xml:4:22-82
14    <uses-permission android:name="android.permission.POST_NOTIFICATIONS" />
14-->src\main\AndroidManifest.xml:5:5-77
14-->src\main\AndroidManifest.xml:5:22-74
15    <uses-permission android:name="android.permission.RECEIVE_BOOT_COMPLETED" />
15-->src\main\AndroidManifest.xml:6:5-81
15-->src\main\AndroidManifest.xml:6:22-78
16    <uses-permission android:name="android.permission.FOREGROUND_SERVICE" />
16-->src\main\AndroidManifest.xml:7:5-77
16-->src\main\AndroidManifest.xml:7:22-74
17    <uses-permission android:name="android.permission.FOREGROUND_SERVICE_LOCATION" />
17-->src\main\AndroidManifest.xml:8:5-86
17-->src\main\AndroidManifest.xml:8:22-83
18
19    <application
19-->src\main\AndroidManifest.xml:9:5-18:19
20        android:allowBackup="false"
20-->src\main\AndroidManifest.xml:9:185-212
21        android:debuggable="true"
22        android:extractNativeLibs="false"
23        android:icon="@mipmap/ic_launcher"
23-->src\main\AndroidManifest.xml:9:110-144
24        android:label="DailyRecord"
24-->src\main\AndroidManifest.xml:9:82-109
25        android:roundIcon="@mipmap/ic_launcher"
25-->src\main\AndroidManifest.xml:9:145-184
26        android:theme="@android:style/Theme.Material.Light.NoActionBar" >
26-->src\main\AndroidManifest.xml:9:18-81
27        <activity
27-->src\main\AndroidManifest.xml:10:9-12:20
28            android:name="com.dailyrecord.app.MainActivity"
28-->src\main\AndroidManifest.xml:10:19-47
29            android:exported="true" >
29-->src\main\AndroidManifest.xml:10:48-71
30            <intent-filter>
30-->src\main\AndroidManifest.xml:11:13-154
31                <action android:name="android.intent.action.MAIN" />
31-->src\main\AndroidManifest.xml:11:28-79
31-->src\main\AndroidManifest.xml:11:36-77
32
33                <category android:name="android.intent.category.LAUNCHER" />
33-->src\main\AndroidManifest.xml:11:79-138
33-->src\main\AndroidManifest.xml:11:89-136
34            </intent-filter>
35        </activity>
36        <activity
36-->src\main\AndroidManifest.xml:13:9-79
37            android:name="com.dailyrecord.app.SettingsActivity"
37-->src\main\AndroidManifest.xml:13:19-51
38            android:exported="false" />
38-->src\main\AndroidManifest.xml:13:52-76
39
40        <service
40-->src\main\AndroidManifest.xml:14:9-117
41            android:name="com.dailyrecord.app.MonitorService"
41-->src\main\AndroidManifest.xml:14:18-48
42            android:exported="false"
42-->src\main\AndroidManifest.xml:14:49-73
43            android:foregroundServiceType="location" />
43-->src\main\AndroidManifest.xml:14:74-114
44
45        <receiver
45-->src\main\AndroidManifest.xml:15:9-17:20
46            android:name="com.dailyrecord.app.BootReceiver"
46-->src\main\AndroidManifest.xml:15:19-47
47            android:enabled="true"
47-->src\main\AndroidManifest.xml:15:48-70
48            android:exported="false" >
48-->src\main\AndroidManifest.xml:15:71-95
49            <intent-filter>
49-->src\main\AndroidManifest.xml:16:13-105
50                <action android:name="android.intent.action.BOOT_COMPLETED" />
50-->src\main\AndroidManifest.xml:16:28-89
50-->src\main\AndroidManifest.xml:16:36-87
51            </intent-filter>
52        </receiver>
53    </application>
54
55</manifest>